#
# A fatal error has been detected by the Java Runtime Environment:
#
#  EXCEPTION_ACCESS_VIOLATION (0xc0000005) at pc=0x00000000719ae602, pid=2592, tid=612
#
# JRE version: Java(TM) SE Runtime Environment (8.0_65-b17) (build 1.8.0_65-b17)
# Java VM: Java HotSpot(TM) 64-Bit Server VM (25.65-b01 mixed mode windows-amd64 compressed oops)
# Problematic frame:
# V  [jvm.dll+0xae602]
#
# Failed to write core dump. Minidumps are not enabled by default on client versions of Windows
#
# If you would like to submit a bug report, please visit:
#   http://bugreport.java.com/bugreport/crash.jsp
#

---------------  T H R E A D  ---------------

Current thread (0x00000000021bc000):  GCTaskThread [stack: 0x0000000012120000,0x0000000012220000] [id=612]

siginfo: ExceptionCode=0xc0000005, reading address 0x00000000000000e8

Registers:
RAX=0x0000000000000000, RBX=0x00000000e4079388, RCX=0x000000001579e9d0, RDX=0x00000000e4079388
RSP=0x000000001221f828, RBP=0x0000000000000000, RSI=0x0000000056126e00, RDI=0x000000005a8d1db0
R8 =0x0000000000000000, R9 =0x000000001579e9d0, R10=0x0000000000000008, R11=0x00000000fdbe2228
R12=0x0000000071f4acc0, R13=0x0000000000000005, R14=0x0000000000000000, R15=0x00000000021bc740
RIP=0x00000000719ae602, EFLAGS=0x0000000000010246

Top of Stack: (sp=0x000000001221f828)
0x000000001221f828:   0000000071cfade2 0000000000000009
0x000000001221f838:   0000000000000003 0000000056126e00
0x000000001221f848:   00000000021b9600 00000000fdbda238
0x000000001221f858:   0000000071cfb52b 00000000aac3b100
0x000000001221f868:   0000000000000400 0000000000000000
0x000000001221f878:   00000000021b9601 0000000071f4acc0
0x000000001221f888:   0000000071cfb150 00000000fd813654
0x000000001221f898:   0000000000000000 0000000056126e00
0x000000001221f8a8:   000000005a8d1db0 00000000fd813654
0x000000001221f8b8:   0000000071cfbb25 00000000e8c1a610
0x000000001221f8c8:   0000000000000000 0000000056126e00
0x000000001221f8d8:   0000000058870800 0000000011aff401
0x000000001221f8e8:   0000000071b148fd 0000b3b3956b4874
0x000000001221f8f8:   0000000011aff613 00000000021bc730
0x000000001221f908:   00000000021b9640 000000000015d0b0
0x000000001221f918:   0000000071b1b202 00000000021bc000 

Instructions: (pc=0x00000000719ae602)
0x00000000719ae5e2:   e2 49 8d 0c 11 49 f7 d1 48 03 c1 49 c1 e9 03 48
0x00000000719ae5f2:   c1 e8 03 41 23 c1 c3 48 8b 02 48 8b d1 49 8b c9
0x00000000719ae602:   48 ff a0 e8 00 00 00 cc cc cc cc cc cc cc 80 3d
0x00000000719ae612:   5a 1c 75 00 00 48 8b c1 74 1b 8b 51 08 8b 0d 6b 


Register to memory mapping:

RAX=0x0000000000000000 is an unknown value
RBX=0x00000000e4079388 is an oop

[error occurred during error reporting (printing register info), id 0xc0000005]

Stack: [0x0000000012120000,0x0000000012220000],  sp=0x000000001221f828,  free space=1022k
Native frames: (J=compiled Java code, j=interpreted, Vv=VM code, C=native code)


---------------  P R O C E S S  ---------------

Java Threads: ( => current thread )
  0x000000005e4d3000 JavaThread "ForkJoinPool.commonPool-worker-3" daemon [_thread_blocked, id=4360, stack(0x0000000064190000,0x0000000064290000)]
  0x000000005e4d5800 JavaThread "ForkJoinPool.commonPool-worker-2" daemon [_thread_blocked, id=3568, stack(0x0000000067840000,0x0000000067940000)]
  0x000000005e4d0000 JavaThread "ForkJoinPool.commonPool-worker-1" daemon [_thread_blocked, id=1332, stack(0x00000000676c0000,0x00000000677c0000)]
  0x000000005a28f800 JavaThread "Cache worker for Java compile cache (D:\androidProjects\WalletApp\.gradle\4.1\javaCompile)" [_thread_blocked, id=1836, stack(0x00000000675b0000,0x00000000676b0000)]
  0x000000005aa7b800 JavaThread "Task worker for ':' Thread 3" [_thread_blocked, id=3048, stack(0x0000000067450000,0x0000000067550000)]
  0x000000005aa7e800 JavaThread "Task worker for ':' Thread 2" [_thread_blocked, id=3516, stack(0x0000000064b40000,0x0000000064c40000)]
  0x0000000058870800 JavaThread "Task worker for ':'" [_thread_blocked, id=2856, stack(0x0000000064090000,0x0000000064190000)]
  0x0000000058877800 JavaThread "Cache worker for task history cache (D:\androidProjects\WalletApp\.gradle\4.1\taskHistory)" [_thread_blocked, id=1844, stack(0x0000000064910000,0x0000000064a10000)]
  0x000000005886d800 JavaThread "Cache worker for file content cache (D:\androidProjects\WalletApp\.gradle\4.1\fileContent)" [_thread_blocked, id=4404, stack(0x000000005b1d0000,0x000000005b2d0000)]
  0x0000000058874000 JavaThread "build operations Thread 4" [_thread_blocked, id=2708, stack(0x0000000062a10000,0x0000000062b10000)]
  0x0000000058871000 JavaThread "build operations Thread 3" [_thread_blocked, id=2268, stack(0x0000000063f90000,0x0000000064090000)]
  0x0000000058876800 JavaThread "build operations Thread 2" [_thread_blocked, id=3608, stack(0x0000000063dd0000,0x0000000063ed0000)]
  0x0000000058872000 JavaThread "build operations" [_thread_blocked, id=2964, stack(0x0000000061220000,0x0000000061320000)]
  0x0000000058875800 JavaThread "Cache worker for Artifact transforms cache (C:\Users\SONY\.gradle\caches\transforms-1)" [_thread_blocked, id=5080, stack(0x00000000610f0000,0x00000000611f0000)]
  0x0000000058872800 JavaThread "Cache worker for file hash cache (D:\androidProjects\WalletApp\.gradle\4.1\fileHashes)" [_thread_blocked, id=2120, stack(0x0000000060b60000,0x0000000060c60000)]
  0x0000000058873800 JavaThread "Stdin handler" [_thread_blocked, id=4180, stack(0x000000005ca80000,0x000000005cb80000)]
  0x000000005886c000 JavaThread "Asynchronous log dispatcher for DefaultDaemonConnection: socket connection from /127.0.0.1:49192 to /127.0.0.1:49926" [_thread_blocked, id=944, stack(0x000000005ba70000,0x000000005bb70000)]
  0x000000005886c800 JavaThread "Daemon worker Thread 8" [_thread_blocked, id=4356, stack(0x000000005c890000,0x000000005c990000)]
  0x000000005886e000 JavaThread "Cancel handler" [_thread_blocked, id=4764, stack(0x000000005c030000,0x000000005c130000)]
  0x000000005886b000 JavaThread "Handler for socket connection from /127.0.0.1:49192 to /127.0.0.1:49926" [_thread_in_native, id=4756, stack(0x000000005b6c0000,0x000000005b7c0000)]
  0x0000000058869800 JavaThread "Daemon Thread 8" [_thread_blocked, id=4972, stack(0x000000005b570000,0x000000005b670000)]
  0x000000005886f000 JavaThread "Memory manager" [_thread_blocked, id=3124, stack(0x0000000061690000,0x0000000061790000)]
  0x0000000058869000 JavaThread "File lock request listener" [_thread_in_native, id=3360, stack(0x000000005c130000,0x000000005c230000)]
  0x0000000058868000 JavaThread "Cache worker for file hash cache (C:\Users\SONY\.gradle\caches\4.1\fileHashes)" [_thread_blocked, id=556, stack(0x000000005be90000,0x000000005bf90000)]
  0x00000000588a9800 JavaThread "Daemon periodic checks" [_thread_blocked, id=3320, stack(0x000000005b470000,0x000000005b570000)]
  0x00000000586d7000 JavaThread "Incoming local TCP Connector on port 49192" [_thread_in_native, id=1520, stack(0x000000005b2e0000,0x000000005b3e0000)]
  0x000000005964c800 JavaThread "Daemon health stats" [_thread_blocked, id=3536, stack(0x000000005aec0000,0x000000005afc0000)]
  0x0000000057b32000 JavaThread "Service Thread" daemon [_thread_blocked, id=4092, stack(0x0000000058150000,0x0000000058250000)]
  0x0000000057b2f000 JavaThread "C1 CompilerThread2" daemon [_thread_blocked, id=1604, stack(0x0000000057f50000,0x0000000058050000)]
  0x0000000056197000 JavaThread "C2 CompilerThread1" daemon [_thread_blocked, id=3628, stack(0x00000000575f0000,0x00000000576f0000)]
  0x0000000056190000 JavaThread "C2 CompilerThread0" daemon [_thread_blocked, id=2020, stack(0x00000000579d0000,0x0000000057ad0000)]
  0x000000005619d000 JavaThread "Attach Listener" daemon [_thread_blocked, id=3664, stack(0x00000000578a0000,0x00000000579a0000)]
  0x000000005619c000 JavaThread "Signal Dispatcher" daemon [_thread_blocked, id=972, stack(0x00000000576f0000,0x00000000577f0000)]
  0x0000000056136800 JavaThread "Finalizer" daemon [_thread_blocked, id=1964, stack(0x0000000057430000,0x0000000057530000)]
  0x000000005612f800 JavaThread "Reference Handler" daemon [_thread_blocked, id=2396, stack(0x0000000057200000,0x0000000057300000)]
  0x000000000015d800 JavaThread "main" [_thread_blocked, id=3692, stack(0x0000000002270000,0x0000000002370000)]

Other Threads:
  0x000000005612a000 VMThread [stack: 0x0000000057300000,0x0000000057400000] [id=3080]
  0x0000000057b39800 WatcherThread [stack: 0x0000000058340000,0x0000000058440000] [id=3324]

=>0x00000000021bc000 (exited) GCTaskThread [stack: 0x0000000012120000,0x0000000012220000] [id=612]

VM state:at safepoint (normal execution)

VM Mutex/Monitor currently owned by a thread:  ([mutex/lock_event])
[0x000000000015beb0] Threads_lock - owner thread: 0x000000005612a000
[0x000000000015c3b0] Heap_lock - owner thread: 0x000000005e4d5800

Heap:
 PSYoungGen      total 440320K, used 392326K [0x00000000e0000000, 0x00000000ffe00000, 0x0000000100000000)
  eden space 365568K, 100% used [0x00000000e0000000,0x00000000f6500000,0x00000000f6500000)
  from space 74752K, 35% used [0x00000000f6500000,0x00000000f7f21bc8,0x00000000fae00000)
  to   space 70656K, 99% used [0x00000000fb900000,0x00000000ffdfa248,0x00000000ffe00000)
 ParOldGen       total 268800K, used 177076K [0x00000000a0000000, 0x00000000b0680000, 0x00000000e0000000)
  object space 268800K, 65% used [0x00000000a0000000,0x00000000aaced100,0x00000000b0680000)
 Metaspace       used 88368K, capacity 94012K, committed 94640K, reserved 1130496K
  class space    used 11206K, capacity 12359K, committed 12720K, reserved 1048576K

Card table byte_map: [0x0000000011ab0000,0x0000000011dc0000] byte_map_base: 0x00000000115b0000

Marking Bits: (ParMarkBitMap*) 0x000000007210a5b0
 Begin Bits: [0x00000000124a0000, 0x0000000013ca0000)
 End Bits:   [0x0000000013ca0000, 0x00000000154a0000)

Polling page: 0x0000000000130000

CodeCache: size=245760Kb used=75769Kb max_used=75786Kb free=169990Kb
 bounds [0x00000000026f0000, 0x0000000007170000, 0x00000000116f0000]
 total_blobs=21701 nmethods=20846 adapters=766
 compilation: enabled

Compilation events (10 events):
Event: 3243.870 Thread 0x0000000056190000 27946       4       java.util.ComparableTimSort::mergeLo (656 bytes)
Event: 3243.948 Thread 0x0000000056190000 nmethod 27946 0x0000000007161390 code [0x0000000007161560, 0x0000000007162e18]
Event: 3244.160 Thread 0x0000000056197000 27947       4       java.util.TimSort::mergeLo (659 bytes)
Event: 3244.162 Thread 0x0000000056190000 27948 %     4       java.util.Arrays$ArrayList::indexOf @ 11 (62 bytes)
Event: 3244.168 Thread 0x0000000056190000 nmethod 27948% 0x000000000712aa50 code [0x000000000712aba0, 0x000000000712ad98]
Event: 3244.227 Thread 0x0000000057b2f000 27949       3       com.android.dx.io.instructions.InstructionCodec$17::decode (46 bytes)
Event: 3244.229 Thread 0x0000000057b2f000 nmethod 27949 0x0000000007160450 code [0x0000000007160620, 0x0000000007160e38]
Event: 3244.229 Thread 0x0000000057b2f000 27950       3       com.android.dx.io.instructions.InstructionCodec$17::encode (29 bytes)
Event: 3244.230 Thread 0x0000000057b2f000 nmethod 27950 0x000000000715f2d0 code [0x000000000715f4c0, 0x000000000715ffa8]
Event: 3244.237 Thread 0x0000000056197000 nmethod 27947 0x0000000007166bd0 code [0x0000000007166d80, 0x0000000007168658]

GC Heap History (10 events):
Event: 2801.921 GC heap after
Heap after GC invocations=47 (full 6):
 PSYoungGen      total 435200K, used 23635K [0x00000000e0000000, 0x0000000100000000, 0x0000000100000000)
  eden space 346112K, 0% used [0x00000000e0000000,0x00000000e0000000,0x00000000f5200000)
  from space 89088K, 26% used [0x00000000f5200000,0x00000000f6914de8,0x00000000fa900000)
  to   space 82944K, 0% used [0x00000000faf00000,0x00000000faf00000,0x0000000100000000)
 ParOldGen       total 268800K, used 150532K [0x00000000a0000000, 0x00000000b0680000, 0x00000000e0000000)
  object space 268800K, 56% used [0x00000000a0000000,0x00000000a9301068,0x00000000b0680000)
 Metaspace       used 87314K, capacity 92824K, committed 94640K, reserved 1130496K
  class space    used 11109K, capacity 12221K, committed 12720K, reserved 1048576K
}
Event: 2802.199 GC heap before
{Heap before GC invocations=48 (full 6):
 PSYoungGen      total 435200K, used 369701K [0x00000000e0000000, 0x0000000100000000, 0x0000000100000000)
  eden space 346112K, 99% used [0x00000000e0000000,0x00000000f51f47f8,0x00000000f5200000)
  from space 89088K, 26% used [0x00000000f5200000,0x00000000f6914de8,0x00000000fa900000)
  to   space 82944K, 0% used [0x00000000faf00000,0x00000000faf00000,0x0000000100000000)
 ParOldGen       total 268800K, used 150532K [0x00000000a0000000, 0x00000000b0680000, 0x00000000e0000000)
  object space 268800K, 56% used [0x00000000a0000000,0x00000000a9301068,0x00000000b0680000)
 Metaspace       used 87315K, capacity 92824K, committed 94640K, reserved 1130496K
  class space    used 11109K, capacity 12221K, committed 12720K, reserved 1048576K
Event: 2802.204 GC heap after
Heap after GC invocations=48 (full 6):
 PSYoungGen      total 425984K, used 900K [0x00000000e0000000, 0x00000000ff700000, 0x0000000100000000)
  eden space 352256K, 0% used [0x00000000e0000000,0x00000000e0000000,0x00000000f5800000)
  from space 73728K, 1% used [0x00000000faf00000,0x00000000fafe1118,0x00000000ff700000)
  to   space 81408K, 0% used [0x00000000f5800000,0x00000000f5800000,0x00000000fa780000)
 ParOldGen       total 268800K, used 151565K [0x00000000a0000000, 0x00000000b0680000, 0x00000000e0000000)
  object space 268800K, 56% used [0x00000000a0000000,0x00000000a94034e0,0x00000000b0680000)
 Metaspace       used 87315K, capacity 92824K, committed 94640K, reserved 1130496K
  class space    used 11109K, capacity 12221K, committed 12720K, reserved 1048576K
}
Event: 3229.951 GC heap before
{Heap before GC invocations=49 (full 6):
 PSYoungGen      total 425984K, used 353156K [0x00000000e0000000, 0x00000000ff700000, 0x0000000100000000)
  eden space 352256K, 100% used [0x00000000e0000000,0x00000000f5800000,0x00000000f5800000)
  from space 73728K, 1% used [0x00000000faf00000,0x00000000fafe1118,0x00000000ff700000)
  to   space 81408K, 0% used [0x00000000f5800000,0x00000000f5800000,0x00000000fa780000)
 ParOldGen       total 268800K, used 151565K [0x00000000a0000000, 0x00000000b0680000, 0x00000000e0000000)
  object space 268800K, 56% used [0x00000000a0000000,0x00000000a94034e0,0x00000000b0680000)
 Metaspace       used 88177K, capacity 93820K, committed 94640K, reserved 1130496K
  class space    used 11203K, capacity 12359K, committed 12720K, reserved 1048576K
Event: 3229.991 GC heap after
Heap after GC invocations=49 (full 6):
 PSYoungGen      total 433664K, used 27413K [0x00000000e0000000, 0x00000000fff80000, 0x0000000100000000)
  eden space 352256K, 0% used [0x00000000e0000000,0x00000000e0000000,0x00000000f5800000)
  from space 81408K, 33% used [0x00000000f5800000,0x00000000f72c56b8,0x00000000fa780000)
  to   space 77312K, 0% used [0x00000000fb400000,0x00000000fb400000,0x00000000fff80000)
 ParOldGen       total 268800K, used 151963K [0x00000000a0000000, 0x00000000b0680000, 0x00000000e0000000)
  object space 268800K, 56% used [0x00000000a0000000,0x00000000a9466cd8,0x00000000b0680000)
 Metaspace       used 88177K, capacity 93820K, committed 94640K, reserved 1130496K
  class space    used 11203K, capacity 12359K, committed 12720K, reserved 1048576K
}
Event: 3238.208 GC heap before
{Heap before GC invocations=50 (full 6):
 PSYoungGen      total 433664K, used 379669K [0x00000000e0000000, 0x00000000fff80000, 0x0000000100000000)
  eden space 352256K, 100% used [0x00000000e0000000,0x00000000f5800000,0x00000000f5800000)
  from space 81408K, 33% used [0x00000000f5800000,0x00000000f72c56b8,0x00000000fa780000)
  to   space 77312K, 0% used [0x00000000fb400000,0x00000000fb400000,0x00000000fff80000)
 ParOldGen       total 268800K, used 151963K [0x00000000a0000000, 0x00000000b0680000, 0x00000000e0000000)
  object space 268800K, 56% used [0x00000000a0000000,0x00000000a9466cd8,0x00000000b0680000)
 Metaspace       used 88364K, capacity 94012K, committed 94640K, reserved 1130496K
  class space    used 11206K, capacity 12359K, committed 12720K, reserved 1048576K
Event: 3238.250 GC heap after
Heap after GC invocations=50 (full 6):
 PSYoungGen      total 434176K, used 30655K [0x00000000e0000000, 0x00000000ff700000, 0x0000000100000000)
  eden space 365568K, 0% used [0x00000000e0000000,0x00000000e0000000,0x00000000f6500000)
  from space 68608K, 44% used [0x00000000fb400000,0x00000000fd1efea8,0x00000000ff700000)
  to   space 74752K, 0% used [0x00000000f6500000,0x00000000f6500000,0x00000000fae00000)
 ParOldGen       total 268800K, used 159384K [0x00000000a0000000, 0x00000000b0680000, 0x00000000e0000000)
  object space 268800K, 59% used [0x00000000a0000000,0x00000000a9ba60c0,0x00000000b0680000)
 Metaspace       used 88364K, capacity 94012K, committed 94640K, reserved 1130496K
  class space    used 11206K, capacity 12359K, committed 12720K, reserved 1048576K
}
Event: 3242.686 GC heap before
{Heap before GC invocations=51 (full 6):
 PSYoungGen      total 434176K, used 396223K [0x00000000e0000000, 0x00000000ff700000, 0x0000000100000000)
  eden space 365568K, 100% used [0x00000000e0000000,0x00000000f6500000,0x00000000f6500000)
  from space 68608K, 44% used [0x00000000fb400000,0x00000000fd1efea8,0x00000000ff700000)
  to   space 74752K, 0% used [0x00000000f6500000,0x00000000f6500000,0x00000000fae00000)
 ParOldGen       total 268800K, used 159384K [0x00000000a0000000, 0x00000000b0680000, 0x00000000e0000000)
  object space 268800K, 59% used [0x00000000a0000000,0x00000000a9ba60c0,0x00000000b0680000)
 Metaspace       used 88368K, capacity 94012K, committed 94640K, reserved 1130496K
  class space    used 11206K, capacity 12359K, committed 12720K, reserved 1048576K
Event: 3242.990 GC heap after
Heap after GC invocations=51 (full 6):
 PSYoungGen      total 440320K, used 26758K [0x00000000e0000000, 0x00000000ffe00000, 0x0000000100000000)
  eden space 365568K, 0% used [0x00000000e0000000,0x00000000e0000000,0x00000000f6500000)
  from space 74752K, 35% used [0x00000000f6500000,0x00000000f7f21bc8,0x00000000fae00000)
  to   space 70656K, 0% used [0x00000000fb900000,0x00000000fb900000,0x00000000ffe00000)
 ParOldGen       total 268800K, used 162569K [0x00000000a0000000, 0x00000000b0680000, 0x00000000e0000000)
  object space 268800K, 60% used [0x00000000a0000000,0x00000000a9ec25f0,0x00000000b0680000)
 Metaspace       used 88368K, capacity 94012K, committed 94640K, reserved 1130496K
  class space    used 11206K, capacity 12359K, committed 12720K, reserved 1048576K
}
Event: 3244.583 GC heap before
{Heap before GC invocations=52 (full 6):
 PSYoungGen      total 440320K, used 392326K [0x00000000e0000000, 0x00000000ffe00000, 0x0000000100000000)
  eden space 365568K, 100% used [0x00000000e0000000,0x00000000f6500000,0x00000000f6500000)
  from space 74752K, 35% used [0x00000000f6500000,0x00000000f7f21bc8,0x00000000fae00000)
  to   space 70656K, 0% used [0x00000000fb900000,0x00000000fb900000,0x00000000ffe00000)
 ParOldGen       total 268800K, used 162569K [0x00000000a0000000, 0x00000000b0680000, 0x00000000e0000000)
  object space 268800K, 60% used [0x00000000a0000000,0x00000000a9ec25f0,0x00000000b0680000)
 Metaspace       used 88368K, capacity 94012K, committed 94640K, reserved 1130496K
  class space    used 11206K, capacity 12359K, committed 12720K, reserved 1048576K

Deoptimization events (10 events):
Event: 3235.442 Thread 0x0000000058870800 Uncommon trap: reason=class_check action=maybe_recompile pc=0x0000000004706804 method=java.io.PrintWriter.write(Ljava/lang/String;II)V @ 19
Event: 3235.442 Thread 0x0000000058870800 Uncommon trap: reason=class_check action=maybe_recompile pc=0x0000000004706804 method=java.io.PrintWriter.write(Ljava/lang/String;II)V @ 19
Event: 3235.442 Thread 0x0000000058870800 Uncommon trap: reason=class_check action=maybe_recompile pc=0x0000000004706804 method=java.io.PrintWriter.write(Ljava/lang/String;II)V @ 19
Event: 3235.442 Thread 0x0000000058870800 Uncommon trap: reason=class_check action=maybe_recompile pc=0x00000000046fe064 method=java.io.PrintWriter.write(Ljava/lang/String;II)V @ 19
Event: 3236.189 Thread 0x000000005e4d0000 Uncommon trap: reason=unstable_if action=reinterpret pc=0x0000000003687c04 method=org.objectweb.asm.MethodVisitor.visitEnd()V @ 4
Event: 3237.890 Thread 0x000000005e4d0000 Uncommon trap: reason=array_check action=maybe_recompile pc=0x00000000045ee7d4 method=java.util.ComparableTimSort.mergeLo(IIII)V @ 133
Event: 3244.159 Thread 0x000000005e4d5800 Uncommon trap: reason=array_check action=maybe_recompile pc=0x0000000006ce13d4 method=java.util.TimSort.mergeLo(IIII)V @ 590
Event: 3244.159 Thread 0x000000005e4d5800 Uncommon trap: reason=array_check action=maybe_recompile pc=0x0000000006ce13d4 method=java.util.TimSort.mergeLo(IIII)V @ 590
Event: 3244.159 Thread 0x000000005e4d5800 Uncommon trap: reason=array_check action=maybe_recompile pc=0x0000000006cfdac4 method=java.util.TimSort.mergeHi(IIII)V @ 250
Event: 3244.159 Thread 0x000000005e4d5800 Uncommon trap: reason=array_check action=maybe_recompile pc=0x0000000006cfdac4 method=java.util.TimSort.mergeHi(IIII)V @ 250

Internal exceptions (10 events):
Event: 3239.511 Thread 0x000000005e4d5800 Exception <a 'sun/nio/fs/WindowsException'> (0x00000000ee0df9e0) thrown at [C:\workspace\8-2-build-windows-amd64-cygwin\jdk8u65\4987\hotspot\src\share\vm\prims\jni.cpp, line 709]
Event: 3239.518 Thread 0x000000005e4d3000 Exception <a 'sun/nio/fs/WindowsException'> (0x00000000ee072900) thrown at [C:\workspace\8-2-build-windows-amd64-cygwin\jdk8u65\4987\hotspot\src\share\vm\prims\jni.cpp, line 709]
Event: 3239.519 Thread 0x000000005e4d0000 Exception <a 'sun/nio/fs/WindowsException'> (0x00000000edf18c38) thrown at [C:\workspace\8-2-build-windows-amd64-cygwin\jdk8u65\4987\hotspot\src\share\vm\prims\jni.cpp, line 709]
Event: 3239.519 Thread 0x000000005e4d5800 Exception <a 'sun/nio/fs/WindowsException'> (0x00000000ee324a80) thrown at [C:\workspace\8-2-build-windows-amd64-cygwin\jdk8u65\4987\hotspot\src\share\vm\prims\jni.cpp, line 709]
Event: 3239.550 Thread 0x000000005e4cf800 Exception <a 'sun/nio/fs/WindowsException'> (0x00000000ee8f5d30) thrown at [C:\workspace\8-2-build-windows-amd64-cygwin\jdk8u65\4987\hotspot\src\share\vm\prims\jni.cpp, line 709]
Event: 3239.896 Thread 0x000000005e4d5800 Exception <a 'sun/nio/fs/WindowsException'> (0x00000000eeca3de0) thrown at [C:\workspace\8-2-build-windows-amd64-cygwin\jdk8u65\4987\hotspot\src\share\vm\prims\jni.cpp, line 709]
Event: 3239.904 Thread 0x000000005e4cf800 Exception <a 'sun/nio/fs/WindowsException'> (0x00000000eed1d360) thrown at [C:\workspace\8-2-build-windows-amd64-cygwin\jdk8u65\4987\hotspot\src\share\vm\prims\jni.cpp, line 709]
Event: 3240.143 Thread 0x000000005e4cf800 Exception <a 'sun/nio/fs/WindowsException'> (0x00000000f008c138) thrown at [C:\workspace\8-2-build-windows-amd64-cygwin\jdk8u65\4987\hotspot\src\share\vm\prims\jni.cpp, line 709]
Event: 3240.157 Thread 0x000000005e4cf800 Exception <a 'sun/nio/fs/WindowsException'> (0x00000000f0147730) thrown at [C:\workspace\8-2-build-windows-amd64-cygwin\jdk8u65\4987\hotspot\src\share\vm\prims\jni.cpp, line 709]
Event: 3240.170 Thread 0x000000005e4cf800 Exception <a 'sun/nio/fs/WindowsException'> (0x00000000f0202f50) thrown at [C:\workspace\8-2-build-windows-amd64-cygwin\jdk8u65\4987\hotspot\src\share\vm\prims\jni.cpp, line 709]

Events (10 events):
Event: 3244.159 Thread 0x000000005e4d5800 Uncommon trap: trap_request=0xffffffd6 fr.pc=0x0000000006ce13d4
Event: 3244.159 Thread 0x000000005e4d5800 DEOPT PACKING pc=0x0000000006ce13d4 sp=0x000000006793e830
Event: 3244.159 Thread 0x000000005e4d5800 DEOPT UNPACKING pc=0x000000000273582a sp=0x000000006793e818 mode 2
Event: 3244.159 Thread 0x000000005e4d5800 Uncommon trap: trap_request=0xffffffd6 fr.pc=0x0000000006cfdac4
Event: 3244.159 Thread 0x000000005e4d5800 DEOPT PACKING pc=0x0000000006cfdac4 sp=0x000000006793e820
Event: 3244.159 Thread 0x000000005e4d5800 DEOPT UNPACKING pc=0x000000000273582a sp=0x000000006793e810 mode 2
Event: 3244.159 Thread 0x000000005e4d5800 Uncommon trap: trap_request=0xffffffd6 fr.pc=0x0000000006cfdac4
Event: 3244.159 Thread 0x000000005e4d5800 DEOPT PACKING pc=0x0000000006cfdac4 sp=0x000000006793e820
Event: 3244.159 Thread 0x000000005e4d5800 DEOPT UNPACKING pc=0x000000000273582a sp=0x000000006793e810 mode 2
Event: 3244.583 Executing VM operation: ParallelGCFailedAllocation


Dynamic libraries:
0x000000013f600000 - 0x000000013f637000 	C:\Program Files\Java\jdk1.8.0_65\bin\java.exe
0x0000000077360000 - 0x000000007750b000 	C:\Windows\SYSTEM32\ntdll.dll
0x0000000077140000 - 0x000000007725f000 	C:\Windows\system32\kernel32.dll
0x000007fefd3f0000 - 0x000007fefd45b000 	C:\Windows\system32\KERNELBASE.dll
0x000007fefd830000 - 0x000007fefd90b000 	C:\Windows\system32\ADVAPI32.dll
0x000007feff360000 - 0x000007feff3ff000 	C:\Windows\system32\msvcrt.dll
0x000007fefdc90000 - 0x000007fefdcaf000 	C:\Windows\SYSTEM32\sechost.dll
0x000007fefdeb0000 - 0x000007fefdfde000 	C:\Windows\system32\RPCRT4.dll
0x0000000077260000 - 0x000000007735a000 	C:\Windows\system32\USER32.dll
0x000007fefe4d0000 - 0x000007fefe537000 	C:\Windows\system32\GDI32.dll
0x000007feff350000 - 0x000007feff35e000 	C:\Windows\system32\LPK.dll
0x000007fefdbc0000 - 0x000007fefdc8a000 	C:\Windows\system32\USP10.dll
0x000007fefbb70000 - 0x000007fefbd64000 	C:\Windows\WinSxS\amd64_microsoft.windows.common-controls_6595b64144ccf1df_6.0.7600.16385_none_fa645303170382f6\COMCTL32.dll
0x000007fefd690000 - 0x000007fefd701000 	C:\Windows\system32\SHLWAPI.dll
0x000007fefd710000 - 0x000007fefd73e000 	C:\Windows\system32\IMM32.DLL
0x000007fefe3c0000 - 0x000007fefe4c9000 	C:\Windows\system32\MSCTF.dll
0x0000000074d70000 - 0x0000000074e42000 	C:\Program Files\Java\jdk1.8.0_65\jre\bin\msvcr100.dll
0x0000000071900000 - 0x0000000072189000 	C:\Program Files\Java\jdk1.8.0_65\jre\bin\server\jvm.dll
0x000007fef4240000 - 0x000007fef4249000 	C:\Windows\system32\WSOCK32.dll
0x000007fefd910000 - 0x000007fefd95d000 	C:\Windows\system32\WS2_32.dll
0x000007fefd740000 - 0x000007fefd748000 	C:\Windows\system32\NSI.dll
0x000007fef9560000 - 0x000007fef959b000 	C:\Windows\system32\WINMM.dll
0x000007fefc430000 - 0x000007fefc43c000 	C:\Windows\system32\VERSION.dll
0x0000000077530000 - 0x0000000077537000 	C:\Windows\system32\PSAPI.DLL
0x0000000074d60000 - 0x0000000074d6f000 	C:\Program Files\Java\jdk1.8.0_65\jre\bin\verify.dll
0x0000000074d30000 - 0x0000000074d59000 	C:\Program Files\Java\jdk1.8.0_65\jre\bin\java.dll
0x0000000074d10000 - 0x0000000074d26000 	C:\Program Files\Java\jdk1.8.0_65\jre\bin\zip.dll
0x000007fefe540000 - 0x000007feff2c6000 	C:\Windows\system32\SHELL32.dll
0x000007fefe080000 - 0x000007fefe281000 	C:\Windows\system32\ole32.dll
0x000007fefd2c0000 - 0x000007fefd2cf000 	C:\Windows\system32\profapi.dll
0x0000000074cf0000 - 0x0000000074d0a000 	C:\Program Files\Java\jdk1.8.0_65\jre\bin\net.dll
0x000007fefcb30000 - 0x000007fefcb84000 	C:\Windows\system32\mswsock.dll
0x000007fefcb20000 - 0x000007fefcb27000 	C:\Windows\System32\wship6.dll
0x0000000074cd0000 - 0x0000000074ce1000 	C:\Program Files\Java\jdk1.8.0_65\jre\bin\nio.dll
0x000007fef77b0000 - 0x000007fef77ce000 	C:\Users\SONY\.gradle\native\25\windows-amd64\native-platform.dll
0x0000000074cc0000 - 0x0000000074ccd000 	C:\Program Files\Java\jdk1.8.0_65\jre\bin\management.dll
0x000007fefcb90000 - 0x000007fefcba7000 	C:\Windows\system32\CRYPTSP.dll
0x000007fefc850000 - 0x000007fefc897000 	C:\Windows\system32\rsaenh.dll
0x000007fefc610000 - 0x000007fefc62e000 	C:\Windows\system32\USERENV.dll
0x000007fefd1f0000 - 0x000007fefd1ff000 	C:\Windows\system32\CRYPTBASE.dll
0x000007fefaf90000 - 0x000007fefafb7000 	C:\Windows\system32\IPHLPAPI.DLL
0x000007fefaf80000 - 0x000007fefaf8b000 	C:\Windows\system32\WINNSI.DLL
0x000007fefadd0000 - 0x000007fefade8000 	C:\Windows\system32\dhcpcsvc.DLL
0x000007fefaa30000 - 0x000007fefaa41000 	C:\Windows\system32\dhcpcsvc6.DLL
0x000007fefd190000 - 0x000007fefd1e7000 	C:\Windows\system32\apphelp.dll
0x000007fef7b10000 - 0x000007fef7c35000 	C:\Windows\system32\dbghelp.dll

VM Arguments:
jvm_args: -Xmx1536m -Dfile.encoding=windows-1252 -Duser.country=US -Duser.language=en -Duser.variant 
java_command: org.gradle.launcher.daemon.bootstrap.GradleDaemon 4.1
java_class_path (initial): C:\Users\SONY\.gradle\wrapper\dists\gradle-4.1-all\bzyivzo6n839fup2jbap0tjew\gradle-4.1\lib\gradle-launcher-4.1.jar
Launcher Type: SUN_STANDARD

Environment Variables:
JAVA_HOME=C:\Program Files\Java\jdk1.8.0_65
PATH=C:\Program Files\nodejs;C:\Program Files (x86)\Yarn\bin;C:\Program Files\Git\cmd;C:\Users\SONY\AppData\Roaming\npm;C:\Users\SONY\AppData\Local\Android\sdk\platform-tools;C:\Program Files\Microsoft VS Code\bin
USERNAME=SONY
OS=Windows_NT
PROCESSOR_IDENTIFIER=Intel64 Family 6 Model 42 Stepping 7, GenuineIntel



---------------  S Y S T E M  ---------------

OS: Windows 7 , 64 bit Build 7600 (6.1.7600.16385)

CPU:total 4 (2 cores per cpu, 2 threads per core) family 6 model 42 stepping 7, cmov, cx8, fxsr, mmx, sse, sse2, sse3, ssse3, sse4.1, sse4.2, popcnt, clmul, ht, tsc, tscinvbit

Memory: 4k page, physical 6189424k(1758684k free), swap 12376948k(7887620k free)

vm_info: Java HotSpot(TM) 64-Bit Server VM (25.65-b01) for windows-amd64 JRE (1.8.0_65-b17), built on Oct  6 2015 16:39:20 by "java_re" with MS VC++ 10.0 (VS2010)

time: Sun Mar 04 18:47:42 2018
elapsed time: 3245 seconds (0d 0h 54m 5s)

