#
# A fatal error has been detected by the Java Runtime Environment:
#
#  EXCEPTION_ACCESS_VIOLATION (0xc0000005) at pc=0x00000000730c62cb, pid=2028, tid=3380
#
# JRE version: Java(TM) SE Runtime Environment (8.0_65-b17) (build 1.8.0_65-b17)
# Java VM: Java HotSpot(TM) 64-Bit Server VM (25.65-b01 mixed mode windows-amd64 compressed oops)
# Problematic frame:
# V  [jvm.dll+0x3f62cb]
#
# Failed to write core dump. Minidumps are not enabled by default on client versions of Windows
#
# If you would like to submit a bug report, please visit:
#   http://bugreport.java.com/bugreport/crash.jsp
#

---------------  T H R E A D  ---------------

Current thread (0x0000000002100800):  GCTaskThread [stack: 0x0000000012640000,0x0000000012740000] [id=3380]

siginfo: ExceptionCode=0xc0000005, writing address 0x00000000004a1010

Registers:
RAX=0x0000000000480000, RBX=0x00000000734da630, RCX=0x0000000000021020, RDX=0x0000000000000042
RSP=0x000000001273f410, RBP=0x0000000000000d76, RSI=0x0000000000000ac0, RDI=0x00000000f5f93900
R8 =0x0000000000002720, R9 =0x0000000002b6fb9a, R10=0x000000000000000c, R11=0x0000000000000000
R12=0x0000000002b6fb9a, R13=0x0000000015a5ebf8, R14=0x0000000015a5ec00, R15=0x00000000f65ee380
RIP=0x00000000730c62cb, EFLAGS=0x0000000000010206

Top of Stack: (sp=0x000000001273f410)
0x000000001273f410:   00000000734da5b0 0000000002b6fb9a
0x000000001273f420:   00000000f65ee1d0 0000000072e089b9
0x000000001273f430:   00000000f65ee39c 0000000072de3166
0x000000001273f440:   00000000f5f93900 00000000f65ee390
0x000000001273f450:   0000000002b6fb9a 0000000056386ba0
0x000000001273f460:   0000000000000000 00000000000083b0
0x000000001273f470:   000000006667cce8 00000000020f9940
0x000000001273f480:   00000000000010ad 00000000730c2180
0x000000001273f490:   0000000056bb85b8 00000000562b54a0
0x000000001273f4a0:   0000000056386ba0 0000000066675960
0x000000001273f4b0:   0000000000000000 0000000000000c00
0x000000001273f4c0:   0000000000000000 0000000000000000
0x000000001273f4d0:   0000000000000000 0000000059f70000
0x000000001273f4e0:   0000000000000001 0000000000000001
0x000000001273f4f0:   0000ba2041e9a1d8 000000006667cce8
0x000000001273f500:   0000000002101120 00000000000083b0 

Instructions: (pc=0x00000000730c62cb)
0x00000000730c62ab:   48 8d 0c b6 48 8b d5 48 c1 e1 03 48 2b d6 0f 1f
0x00000000730c62bb:   80 00 00 00 00 48 8b 43 18 48 83 c1 28 48 ff ca
0x00000000730c62cb:   c7 44 01 f0 00 00 01 00 48 8b 43 18 48 89 7c 01
0x00000000730c62db:   e8 75 e2 48 8d 54 ad 00 4a 8d 44 e7 f8 48 c1 e8 


Register to memory mapping:

RAX=0x0000000000480000 is an unknown value
RBX=0x00000000734da630 is an unknown value
RCX=0x0000000000021020 is an unknown value
RDX=0x0000000000000042 is an unknown value
RSP=0x000000001273f410 is an unknown value
RBP=0x0000000000000d76 is an unknown value
RSI=0x0000000000000ac0 is an unknown value
RDI=0x00000000f5f93900 is an unknown value
R8 =0x0000000000002720 is an unknown value
R9 =0x0000000002b6fb9a is at entry_point+2714 in (nmethod*)0x0000000002b6edd0
R10=0x000000000000000c is an unknown value
R11=0x0000000000000000 is an unknown value
R12=0x0000000002b6fb9a is at entry_point+2714 in (nmethod*)0x0000000002b6edd0
R13=0x0000000015a5ebf8 is pointing into metadata
R14=0x0000000015a5ec00 is pointing into metadata
R15=0x00000000f65ee380 is an oop
java.util.HashMap$Node 
 - klass: 'java/util/HashMap$Node'


Stack: [0x0000000012640000,0x0000000012740000],  sp=0x000000001273f410,  free space=1021k
Native frames: (J=compiled Java code, j=interpreted, Vv=VM code, C=native code)
V  [jvm.dll+0x3f62cb]
V  [jvm.dll+0x113166]
V  [jvm.dll+0x3f2180]
V  [jvm.dll+0x3ef153]
V  [jvm.dll+0x3ecfbe]
V  [jvm.dll+0x299f7a]
C  [msvcr100.dll+0x21d9f]
C  [msvcr100.dll+0x21e3b]
C  [kernel32.dll+0x1f56d]
C  [ntdll.dll+0x33281]


---------------  P R O C E S S  ---------------

Java Threads: ( => current thread )
  0x0000000059f70000 JavaThread "ForkJoinPool.commonPool-worker-5" daemon [_thread_blocked, id=2424, stack(0x0000000069a60000,0x0000000069b60000)]
  0x0000000059f6f000 JavaThread "ForkJoinPool.commonPool-worker-4" daemon [_thread_blocked, id=1644, stack(0x000000005c890000,0x000000005c990000)]
  0x0000000059f73000 JavaThread "ForkJoinPool.commonPool-worker-2" daemon [_thread_blocked, id=6136, stack(0x0000000069570000,0x0000000069670000)]
  0x0000000060f1d000 JavaThread "Cache worker for Java compile cache (D:\androidProjects\WalletApp\.gradle\4.1\javaCompile)" [_thread_blocked, id=5188, stack(0x00000000622e0000,0x00000000623e0000)]
  0x000000005944b000 JavaThread "Task worker for ':' Thread 3" [_thread_blocked, id=3552, stack(0x0000000068c90000,0x0000000068d90000)]
  0x0000000059449800 JavaThread "Task worker for ':' Thread 2" [_thread_blocked, id=4812, stack(0x0000000065a90000,0x0000000065b90000)]
  0x000000005944c000 JavaThread "Task worker for ':'" [_thread_blocked, id=2740, stack(0x000000005f600000,0x000000005f700000)]
  0x00000000667b9000 JavaThread "Cache worker for task history cache (D:\androidProjects\WalletApp\.gradle\4.1\taskHistory)" [_thread_blocked, id=4324, stack(0x0000000068830000,0x0000000068930000)]
  0x00000000667b6000 JavaThread "Cache worker for file content cache (D:\androidProjects\WalletApp\.gradle\4.1\fileContent)" [_thread_blocked, id=5632, stack(0x00000000686b0000,0x00000000687b0000)]
  0x00000000667b6800 JavaThread "build operations Thread 4" [_thread_blocked, id=3452, stack(0x000000005f920000,0x000000005fa20000)]
  0x00000000667bb000 JavaThread "build operations Thread 3" [_thread_blocked, id=5472, stack(0x0000000067f50000,0x0000000068050000)]
  0x00000000667b5000 JavaThread "build operations Thread 2" [_thread_blocked, id=3412, stack(0x0000000065820000,0x0000000065920000)]
  0x00000000667b9800 JavaThread "build operations" [_thread_blocked, id=4740, stack(0x0000000064f90000,0x0000000065090000)]
  0x00000000667b8000 JavaThread "Cache worker for Artifact transforms cache (C:\Users\SONY\.gradle\caches\transforms-1)" [_thread_blocked, id=5204, stack(0x000000005bc40000,0x000000005bd40000)]
  0x000000005a40c000 JavaThread "Cache worker for file hash cache (D:\androidProjects\WalletApp\.gradle\4.1\fileHashes)" [_thread_blocked, id=4880, stack(0x000000005fb80000,0x000000005fc80000)]
  0x000000005a40b000 JavaThread "Asynchronous log dispatcher for DefaultDaemonConnection: socket connection from /127.0.0.1:49165 to /127.0.0.1:50052" [_thread_blocked, id=5008, stack(0x000000005cc00000,0x000000005cd00000)]
  0x000000005a408000 JavaThread "Daemon worker Thread 7" [_thread_blocked, id=5904, stack(0x000000005bf20000,0x000000005c020000)]
  0x000000005a407800 JavaThread "Cancel handler" [_thread_blocked, id=4160, stack(0x000000005b6b0000,0x000000005b7b0000)]
  0x000000005a406800 JavaThread "Handler for socket connection from /127.0.0.1:49165 to /127.0.0.1:50052" [_thread_in_native, id=5864, stack(0x000000005bac0000,0x000000005bbc0000)]
  0x000000005a409000 JavaThread "Daemon Thread 7" [_thread_blocked, id=3660, stack(0x000000005b450000,0x000000005b550000)]
  0x00000000592ba800 JavaThread "Java2D Disposer" daemon [_thread_blocked, id=3948, stack(0x00000000635d0000,0x00000000636d0000)]
  0x00000000592b9000 JavaThread "Memory manager" [_thread_blocked, id=2336, stack(0x000000005fa40000,0x000000005fb40000)]
  0x00000000592b2800 JavaThread "File lock request listener" [_thread_in_native, id=2120, stack(0x000000005c110000,0x000000005c210000)]
  0x00000000592b1800 JavaThread "Cache worker for file hash cache (C:\Users\SONY\.gradle\caches\4.1\fileHashes)" [_thread_blocked, id=3732, stack(0x000000005bd60000,0x000000005be60000)]
  0x0000000057c00000 JavaThread "Daemon periodic checks" [_thread_blocked, id=1376, stack(0x000000005b5b0000,0x000000005b6b0000)]
  0x0000000057e14800 JavaThread "Incoming local TCP Connector on port 49165" [_thread_in_native, id=2568, stack(0x000000005ae60000,0x000000005af60000)]
  0x000000005916c800 JavaThread "Daemon health stats" [_thread_blocked, id=1964, stack(0x000000005afa0000,0x000000005b0a0000)]
  0x0000000057be0800 JavaThread "Service Thread" daemon [_thread_blocked, id=1712, stack(0x00000000582f0000,0x00000000583f0000)]
  0x0000000057b63000 JavaThread "C1 CompilerThread2" daemon [_thread_blocked, id=3344, stack(0x0000000058100000,0x0000000058200000)]
  0x0000000056438000 JavaThread "C2 CompilerThread1" daemon [_thread_blocked, id=1596, stack(0x0000000057f90000,0x0000000058090000)]
  0x0000000056430000 JavaThread "C2 CompilerThread0" daemon [_thread_blocked, id=3372, stack(0x0000000057a60000,0x0000000057b60000)]
  0x000000005643d000 JavaThread "Attach Listener" daemon [_thread_blocked, id=1276, stack(0x0000000057850000,0x0000000057950000)]
  0x000000005643c000 JavaThread "Signal Dispatcher" daemon [_thread_blocked, id=3376, stack(0x00000000573b0000,0x00000000574b0000)]
  0x00000000563d6800 JavaThread "Finalizer" daemon [_thread_blocked, id=3384, stack(0x0000000057700000,0x0000000057800000)]
  0x00000000563cf800 JavaThread "Reference Handler" daemon [_thread_blocked, id=3360, stack(0x00000000575f0000,0x00000000576f0000)]
  0x00000000020ad800 JavaThread "main" [_thread_blocked, id=2672, stack(0x00000000024d0000,0x00000000025d0000)]

Other Threads:
  0x00000000563ca000 VMThread [stack: 0x00000000574c0000,0x00000000575c0000] [id=3356]
  0x0000000057c16800 WatcherThread [stack: 0x0000000058570000,0x0000000058670000] [id=2812]

=>0x0000000002100800 (exited) GCTaskThread [stack: 0x0000000012640000,0x0000000012740000] [id=3380]

VM state:at safepoint (normal execution)

VM Mutex/Monitor currently owned by a thread:  ([mutex/lock_event])
[0x00000000020abeb0] Threads_lock - owner thread: 0x00000000563ca000
[0x00000000020ac3b0] Heap_lock - owner thread: 0x000000005944c000

Heap:
 PSYoungGen      total 431104K, used 93162K [0x00000000e0000000, 0x0000000100000000, 0x0000000100000000)
  eden space 337920K, 0% used [0x00000000e0000000,0x00000000e0000000,0x00000000f4a00000)
  from space 93184K, 99% used [0x00000000f4a00000,0x00000000fa4fa820,0x00000000fa500000)
  to   space 93184K, 0% used [0x00000000fa500000,0x00000000fa500000,0x0000000100000000)
 ParOldGen       total 337408K, used 336979K [0x00000000a0000000, 0x00000000b4980000, 0x00000000e0000000)
  object space 337408K, 99% used [0x00000000a0000000,0x00000000b4914ec8,0x00000000b4980000)
 Metaspace       used 107597K, capacity 119386K, committed 119576K, reserved 1153024K
  class space    used 13765K, capacity 16639K, committed 16688K, reserved 1048576K

Card table byte_map: [0x0000000011c60000,0x0000000011f70000] byte_map_base: 0x0000000011760000

Marking Bits: (ParMarkBitMap*) 0x00000000734da5b0
 Begin Bits: [0x0000000012740000, 0x0000000013f40000)
 End Bits:   [0x0000000013f40000, 0x0000000015740000)

Polling page: 0x0000000000330000

CodeCache: size=245760Kb used=98826Kb max_used=98843Kb free=146933Kb
 bounds [0x00000000028a0000, 0x00000000089d0000, 0x00000000118a0000]
 total_blobs=26451 nmethods=25481 adapters=881
 compilation: enabled

Compilation events (10 events):
Event: 2750.558 Thread 0x0000000056438000 nmethod 34139 0x000000000533ae90 code [0x000000000533b020, 0x000000000533b6e8]
Event: 2750.562 Thread 0x0000000056430000 nmethod 34141% 0x0000000008996590 code [0x0000000008996740, 0x0000000008996e08]
Event: 2750.563 Thread 0x0000000056438000 34142       4       com.android.dx.merge.DexMerger::getSortedTypes (147 bytes)
Event: 2750.564 Thread 0x0000000057b63000 34143 %     3       java.util.TimSort::gallopRight @ 259 (335 bytes)
Event: 2750.566 Thread 0x0000000056430000 34144       4       java.util.Arrays$ArrayList::indexOf (62 bytes)
Event: 2750.566 Thread 0x0000000057b63000 nmethod 34143% 0x000000000513d150 code [0x000000000513d360, 0x000000000513df38]
Event: 2750.578 Thread 0x0000000056430000 nmethod 34144 0x0000000006041590 code [0x00000000060416e0, 0x0000000006041c98]
Event: 2750.621 Thread 0x0000000056430000 34145       4       com.android.dx.io.instructions.ZeroRegisterDecodedInstruction::withIndex (29 bytes)
Event: 2750.625 Thread 0x0000000056430000 nmethod 34145 0x0000000005511e90 code [0x0000000005511fe0, 0x00000000055121f8]
Event: 2750.648 Thread 0x0000000056438000 nmethod 34142 0x00000000089c3250 code [0x00000000089c34c0, 0x00000000089c4bb0]

GC Heap History (10 events):
Event: 2734.331 GC heap after
Heap after GC invocations=64 (full 5):
 PSYoungGen      total 436736K, used 50166K [0x00000000e0000000, 0x00000000ffb80000, 0x0000000100000000)
  eden space 356864K, 0% used [0x00000000e0000000,0x00000000e0000000,0x00000000f5c80000)
  from space 79872K, 62% used [0x00000000f5c80000,0x00000000f8d7d8c0,0x00000000faa80000)
  to   space 76800K, 0% used [0x00000000fb080000,0x00000000fb080000,0x00000000ffb80000)
 ParOldGen       total 301568K, used 220692K [0x00000000a0000000, 0x00000000b2680000, 0x00000000e0000000)
  object space 301568K, 73% used [0x00000000a0000000,0x00000000ad7852b0,0x00000000b2680000)
 Metaspace       used 107512K, capacity 119244K, committed 119320K, reserved 1153024K
  class space    used 13763K, capacity 16636K, committed 16688K, reserved 1048576K
}
Event: 2737.855 GC heap before
{Heap before GC invocations=65 (full 5):
 PSYoungGen      total 436736K, used 407030K [0x00000000e0000000, 0x00000000ffb80000, 0x0000000100000000)
  eden space 356864K, 100% used [0x00000000e0000000,0x00000000f5c80000,0x00000000f5c80000)
  from space 79872K, 62% used [0x00000000f5c80000,0x00000000f8d7d8c0,0x00000000faa80000)
  to   space 76800K, 0% used [0x00000000fb080000,0x00000000fb080000,0x00000000ffb80000)
 ParOldGen       total 301568K, used 220692K [0x00000000a0000000, 0x00000000b2680000, 0x00000000e0000000)
  object space 301568K, 73% used [0x00000000a0000000,0x00000000ad7852b0,0x00000000b2680000)
 Metaspace       used 107533K, capacity 119244K, committed 119320K, reserved 1153024K
  class space    used 13763K, capacity 16636K, committed 16688K, reserved 1048576K
Event: 2738.147 GC heap after
Heap after GC invocations=65 (full 5):
 PSYoungGen      total 443392K, used 55326K [0x00000000e0000000, 0x00000000ffc00000, 0x0000000100000000)
  eden space 366592K, 0% used [0x00000000e0000000,0x00000000e0000000,0x00000000f6600000)
  from space 76800K, 72% used [0x00000000fb080000,0x00000000fe6879e0,0x00000000ffb80000)
  to   space 76288K, 0% used [0x00000000f6600000,0x00000000f6600000,0x00000000fb080000)
 ParOldGen       total 301568K, used 222120K [0x00000000a0000000, 0x00000000b2680000, 0x00000000e0000000)
  object space 301568K, 73% used [0x00000000a0000000,0x00000000ad8ea1c8,0x00000000b2680000)
 Metaspace       used 107533K, capacity 119244K, committed 119320K, reserved 1153024K
  class space    used 13763K, capacity 16636K, committed 16688K, reserved 1048576K
}
Event: 2741.156 GC heap before
{Heap before GC invocations=66 (full 5):
 PSYoungGen      total 443392K, used 421918K [0x00000000e0000000, 0x00000000ffc00000, 0x0000000100000000)
  eden space 366592K, 100% used [0x00000000e0000000,0x00000000f6600000,0x00000000f6600000)
  from space 76800K, 72% used [0x00000000fb080000,0x00000000fe6879e0,0x00000000ffb80000)
  to   space 76288K, 0% used [0x00000000f6600000,0x00000000f6600000,0x00000000fb080000)
 ParOldGen       total 301568K, used 222120K [0x00000000a0000000, 0x00000000b2680000, 0x00000000e0000000)
  object space 301568K, 73% used [0x00000000a0000000,0x00000000ad8ea1c8,0x00000000b2680000)
 Metaspace       used 107562K, capacity 119244K, committed 119320K, reserved 1153024K
  class space    used 13763K, capacity 16636K, committed 16688K, reserved 1048576K
Event: 2741.256 GC heap after
Heap after GC invocations=66 (full 5):
 PSYoungGen      total 442880K, used 49979K [0x00000000e0000000, 0x00000000ffa80000, 0x0000000100000000)
  eden space 366592K, 0% used [0x00000000e0000000,0x00000000e0000000,0x00000000f6600000)
  from space 76288K, 65% used [0x00000000f6600000,0x00000000f96cefd8,0x00000000fb080000)
  to   space 73728K, 0% used [0x00000000fb280000,0x00000000fb280000,0x00000000ffa80000)
 ParOldGen       total 301568K, used 223709K [0x00000000a0000000, 0x00000000b2680000, 0x00000000e0000000)
  object space 301568K, 74% used [0x00000000a0000000,0x00000000ada77780,0x00000000b2680000)
 Metaspace       used 107562K, capacity 119244K, committed 119320K, reserved 1153024K
  class space    used 13763K, capacity 16636K, committed 16688K, reserved 1048576K
}
Event: 2747.499 GC heap before
{Heap before GC invocations=67 (full 5):
 PSYoungGen      total 442880K, used 416571K [0x00000000e0000000, 0x00000000ffa80000, 0x0000000100000000)
  eden space 366592K, 100% used [0x00000000e0000000,0x00000000f6600000,0x00000000f6600000)
  from space 76288K, 65% used [0x00000000f6600000,0x00000000f96cefd8,0x00000000fb080000)
  to   space 73728K, 0% used [0x00000000fb280000,0x00000000fb280000,0x00000000ffa80000)
 ParOldGen       total 301568K, used 223709K [0x00000000a0000000, 0x00000000b2680000, 0x00000000e0000000)
  object space 301568K, 74% used [0x00000000a0000000,0x00000000ada77780,0x00000000b2680000)
 Metaspace       used 107597K, capacity 119386K, committed 119576K, reserved 1153024K
  class space    used 13765K, capacity 16639K, committed 16688K, reserved 1048576K
Event: 2747.658 GC heap after
Heap after GC invocations=67 (full 5):
 PSYoungGen      total 411648K, used 73699K [0x00000000e0000000, 0x0000000100000000, 0x0000000100000000)
  eden space 337920K, 0% used [0x00000000e0000000,0x00000000e0000000,0x00000000f4a00000)
  from space 73728K, 99% used [0x00000000fb280000,0x00000000ffa78d38,0x00000000ffa80000)
  to   space 93184K, 0% used [0x00000000f4a00000,0x00000000f4a00000,0x00000000fa500000)
 ParOldGen       total 301568K, used 258789K [0x00000000a0000000, 0x00000000b2680000, 0x00000000e0000000)
  object space 301568K, 85% used [0x00000000a0000000,0x00000000afcb95d0,0x00000000b2680000)
 Metaspace       used 107597K, capacity 119386K, committed 119576K, reserved 1153024K
  class space    used 13765K, capacity 16639K, committed 16688K, reserved 1048576K
}
Event: 2750.652 GC heap before
{Heap before GC invocations=68 (full 5):
 PSYoungGen      total 411648K, used 411619K [0x00000000e0000000, 0x0000000100000000, 0x0000000100000000)
  eden space 337920K, 100% used [0x00000000e0000000,0x00000000f4a00000,0x00000000f4a00000)
  from space 73728K, 99% used [0x00000000fb280000,0x00000000ffa78d38,0x00000000ffa80000)
  to   space 93184K, 0% used [0x00000000f4a00000,0x00000000f4a00000,0x00000000fa500000)
 ParOldGen       total 301568K, used 258789K [0x00000000a0000000, 0x00000000b2680000, 0x00000000e0000000)
  object space 301568K, 85% used [0x00000000a0000000,0x00000000afcb95d0,0x00000000b2680000)
 Metaspace       used 107597K, capacity 119386K, committed 119576K, reserved 1153024K
  class space    used 13765K, capacity 16639K, committed 16688K, reserved 1048576K
Event: 2750.831 GC heap after
Heap after GC invocations=68 (full 5):
 PSYoungGen      total 431104K, used 93162K [0x00000000e0000000, 0x0000000100000000, 0x0000000100000000)
  eden space 337920K, 0% used [0x00000000e0000000,0x00000000e0000000,0x00000000f4a00000)
  from space 93184K, 99% used [0x00000000f4a00000,0x00000000fa4fa820,0x00000000fa500000)
  to   space 93184K, 0% used [0x00000000fa500000,0x00000000fa500000,0x0000000100000000)
 ParOldGen       total 337408K, used 336979K [0x00000000a0000000, 0x00000000b4980000, 0x00000000e0000000)
  object space 337408K, 99% used [0x00000000a0000000,0x00000000b4914ec8,0x00000000b4980000)
 Metaspace       used 107597K, capacity 119386K, committed 119576K, reserved 1153024K
  class space    used 13765K, capacity 16639K, committed 16688K, reserved 1048576K
}
Event: 2750.831 GC heap before
{Heap before GC invocations=69 (full 6):
 PSYoungGen      total 431104K, used 93162K [0x00000000e0000000, 0x0000000100000000, 0x0000000100000000)
  eden space 337920K, 0% used [0x00000000e0000000,0x00000000e0000000,0x00000000f4a00000)
  from space 93184K, 99% used [0x00000000f4a00000,0x00000000fa4fa820,0x00000000fa500000)
  to   space 93184K, 0% used [0x00000000fa500000,0x00000000fa500000,0x0000000100000000)
 ParOldGen       total 337408K, used 336979K [0x00000000a0000000, 0x00000000b4980000, 0x00000000e0000000)
  object space 337408K, 99% used [0x00000000a0000000,0x00000000b4914ec8,0x00000000b4980000)
 Metaspace       used 107597K, capacity 119386K, committed 119576K, reserved 1153024K
  class space    used 13765K, capacity 16639K, committed 16688K, reserved 1048576K

Deoptimization events (10 events):
Event: 2745.813 Thread 0x000000005944c000 Uncommon trap: reason=class_check action=maybe_recompile pc=0x0000000002f1ea90 method=com.google.common.collect.AbstractIterator.tryToComputeNext()Z @ 9
Event: 2745.813 Thread 0x000000005944c000 Uncommon trap: reason=class_check action=maybe_recompile pc=0x0000000002b981fc method=com.google.common.collect.Iterators$1.next()Ljava/lang/Object; @ 4
Event: 2745.813 Thread 0x000000005944c000 Uncommon trap: reason=class_check action=maybe_recompile pc=0x0000000002bb093c method=com.google.common.collect.Iterators$1.hasNext()Z @ 4
Event: 2745.813 Thread 0x000000005944c000 Uncommon trap: reason=class_check action=maybe_recompile pc=0x0000000002f1ea90 method=com.google.common.collect.AbstractIterator.tryToComputeNext()Z @ 9
Event: 2745.813 Thread 0x000000005944c000 Uncommon trap: reason=class_check action=maybe_recompile pc=0x0000000002b981fc method=com.google.common.collect.Iterators$1.next()Ljava/lang/Object; @ 4
Event: 2749.651 Thread 0x000000005944c000 Uncommon trap: reason=array_check action=maybe_recompile pc=0x0000000007708d04 method=java.util.TimSort.mergeLo(IIII)V @ 81
Event: 2749.652 Thread 0x000000005944c000 Uncommon trap: reason=array_check action=maybe_recompile pc=0x0000000007708d04 method=java.util.TimSort.mergeLo(IIII)V @ 81
Event: 2749.652 Thread 0x000000005944c000 Uncommon trap: reason=array_check action=maybe_recompile pc=0x0000000007708d04 method=java.util.TimSort.mergeLo(IIII)V @ 81
Event: 2749.652 Thread 0x000000005944c000 Uncommon trap: reason=array_check action=maybe_recompile pc=0x0000000007708d04 method=java.util.TimSort.mergeLo(IIII)V @ 81
Event: 2750.535 Thread 0x000000005944c000 Uncommon trap: reason=unstable_if action=reinterpret pc=0x00000000053eb018 method=com.android.dex.Dex$ClassDefIterable.iterator()Ljava/util/Iterator; @ 13

Internal exceptions (10 events):
Event: 2741.138 Thread 0x0000000059f70000 Exception <a 'sun/nio/fs/WindowsException'> (0x00000000f5955b48) thrown at [C:\workspace\8-2-build-windows-amd64-cygwin\jdk8u65\4987\hotspot\src\share\vm\prims\jni.cpp, line 709]
Event: 2741.148 Thread 0x0000000059f70000 Exception <a 'sun/nio/fs/WindowsException'> (0x00000000f5966ae0) thrown at [C:\workspace\8-2-build-windows-amd64-cygwin\jdk8u65\4987\hotspot\src\share\vm\prims\jni.cpp, line 709]
Event: 2741.273 Thread 0x0000000059f70000 Exception <a 'sun/nio/fs/WindowsException'> (0x00000000e042f770) thrown at [C:\workspace\8-2-build-windows-amd64-cygwin\jdk8u65\4987\hotspot\src\share\vm\prims\jni.cpp, line 709]
Event: 2741.295 Thread 0x0000000059f75000 Exception <a 'sun/nio/fs/WindowsException'> (0x00000000e073b6b0) thrown at [C:\workspace\8-2-build-windows-amd64-cygwin\jdk8u65\4987\hotspot\src\share\vm\prims\jni.cpp, line 709]
Event: 2741.864 Thread 0x0000000059f75000 Exception <a 'sun/nio/fs/WindowsException'> (0x00000000e07f6558) thrown at [C:\workspace\8-2-build-windows-amd64-cygwin\jdk8u65\4987\hotspot\src\share\vm\prims\jni.cpp, line 709]
Event: 2741.888 Thread 0x0000000059f75000 Exception <a 'sun/nio/fs/WindowsException'> (0x00000000e08b1660) thrown at [C:\workspace\8-2-build-windows-amd64-cygwin\jdk8u65\4987\hotspot\src\share\vm\prims\jni.cpp, line 709]
Event: 2741.900 Thread 0x0000000059f75000 Exception <a 'sun/nio/fs/WindowsException'> (0x00000000e08d7730) thrown at [C:\workspace\8-2-build-windows-amd64-cygwin\jdk8u65\4987\hotspot\src\share\vm\prims\jni.cpp, line 709]
Event: 2741.913 Thread 0x0000000059f75000 Exception <a 'sun/nio/fs/WindowsException'> (0x00000000e0904898) thrown at [C:\workspace\8-2-build-windows-amd64-cygwin\jdk8u65\4987\hotspot\src\share\vm\prims\jni.cpp, line 709]
Event: 2741.927 Thread 0x0000000059f75000 Exception <a 'sun/nio/fs/WindowsException'> (0x00000000e0922ae8) thrown at [C:\workspace\8-2-build-windows-amd64-cygwin\jdk8u65\4987\hotspot\src\share\vm\prims\jni.cpp, line 709]
Event: 2741.943 Thread 0x0000000059f75000 Exception <a 'sun/nio/fs/WindowsException'> (0x00000000e097cb90) thrown at [C:\workspace\8-2-build-windows-amd64-cygwin\jdk8u65\4987\hotspot\src\share\vm\prims\jni.cpp, line 709]

Events (10 events):
Event: 2749.652 Thread 0x000000005944c000 DEOPT UNPACKING pc=0x00000000028e582a sp=0x000000005f6fcb78 mode 2
Event: 2749.652 Thread 0x000000005944c000 Uncommon trap: trap_request=0xffffffd6 fr.pc=0x0000000007708d04
Event: 2749.652 Thread 0x000000005944c000 DEOPT PACKING pc=0x0000000007708d04 sp=0x000000005f6fcb80
Event: 2749.652 Thread 0x000000005944c000 DEOPT UNPACKING pc=0x00000000028e582a sp=0x000000005f6fcb78 mode 2
Event: 2750.535 Thread 0x000000005944c000 Uncommon trap: trap_request=0xffffff65 fr.pc=0x00000000053eb018
Event: 2750.535 Thread 0x000000005944c000 DEOPT PACKING pc=0x00000000053eb018 sp=0x000000005f6fcd50
Event: 2750.535 Thread 0x000000005944c000 DEOPT UNPACKING pc=0x00000000028e582a sp=0x000000005f6fccf0 mode 2
Event: 2750.563 Thread 0x000000005944c000 DEOPT PACKING pc=0x00000000057cde75 sp=0x000000005f6fce90
Event: 2750.563 Thread 0x000000005944c000 DEOPT UNPACKING pc=0x00000000028e747f sp=0x000000005f6fcc20 mode 0
Event: 2750.651 Executing VM operation: ParallelGCFailedAllocation


Dynamic libraries:
0x000000013ff60000 - 0x000000013ff97000 	C:\Program Files\Java\jdk1.8.0_65\bin\java.exe
0x0000000077a50000 - 0x0000000077bfb000 	C:\Windows\SYSTEM32\ntdll.dll
0x0000000077830000 - 0x000000007794f000 	C:\Windows\system32\kernel32.dll
0x000007fefda60000 - 0x000007fefdacb000 	C:\Windows\system32\KERNELBASE.dll
0x000007feffb40000 - 0x000007feffc1b000 	C:\Windows\system32\ADVAPI32.dll
0x000007feffa30000 - 0x000007feffacf000 	C:\Windows\system32\msvcrt.dll
0x000007feff090000 - 0x000007feff0af000 	C:\Windows\SYSTEM32\sechost.dll
0x000007feffc20000 - 0x000007feffd4e000 	C:\Windows\system32\RPCRT4.dll
0x0000000077950000 - 0x0000000077a4a000 	C:\Windows\system32\USER32.dll
0x000007fefe140000 - 0x000007fefe1a7000 	C:\Windows\system32\GDI32.dll
0x000007feffd50000 - 0x000007feffd5e000 	C:\Windows\system32\LPK.dll
0x000007fefdd80000 - 0x000007fefde4a000 	C:\Windows\system32\USP10.dll
0x000007fefc200000 - 0x000007fefc3f4000 	C:\Windows\WinSxS\amd64_microsoft.windows.common-controls_6595b64144ccf1df_6.0.7600.16385_none_fa645303170382f6\COMCTL32.dll
0x000007feff0b0000 - 0x000007feff121000 	C:\Windows\system32\SHLWAPI.dll
0x000007feff260000 - 0x000007feff28e000 	C:\Windows\system32\IMM32.DLL
0x000007fefe030000 - 0x000007fefe139000 	C:\Windows\system32\MSCTF.dll
0x0000000074600000 - 0x00000000746d2000 	C:\Program Files\Java\jdk1.8.0_65\jre\bin\msvcr100.dll
0x0000000072cd0000 - 0x0000000073559000 	C:\Program Files\Java\jdk1.8.0_65\jre\bin\server\jvm.dll
0x000007fef9090000 - 0x000007fef9099000 	C:\Windows\system32\WSOCK32.dll
0x000007feff9e0000 - 0x000007feffa2d000 	C:\Windows\system32\WS2_32.dll
0x000007feff080000 - 0x000007feff088000 	C:\Windows\system32\NSI.dll
0x000007fef9e20000 - 0x000007fef9e5b000 	C:\Windows\system32\WINMM.dll
0x000007fefcb20000 - 0x000007fefcb2c000 	C:\Windows\system32\VERSION.dll
0x0000000077c10000 - 0x0000000077c17000 	C:\Windows\system32\PSAPI.DLL
0x0000000074eb0000 - 0x0000000074ebf000 	C:\Program Files\Java\jdk1.8.0_65\jre\bin\verify.dll
0x0000000074e50000 - 0x0000000074e79000 	C:\Program Files\Java\jdk1.8.0_65\jre\bin\java.dll
0x0000000074e30000 - 0x0000000074e46000 	C:\Program Files\Java\jdk1.8.0_65\jre\bin\zip.dll
0x000007fefe1b0000 - 0x000007fefef36000 	C:\Windows\system32\SHELL32.dll
0x000007feff670000 - 0x000007feff871000 	C:\Windows\system32\ole32.dll
0x000007fefd9b0000 - 0x000007fefd9bf000 	C:\Windows\system32\profapi.dll
0x0000000074dd0000 - 0x0000000074dea000 	C:\Program Files\Java\jdk1.8.0_65\jre\bin\net.dll
0x000007fefd220000 - 0x000007fefd274000 	C:\Windows\system32\mswsock.dll
0x000007fefd210000 - 0x000007fefd217000 	C:\Windows\System32\wship6.dll
0x0000000074db0000 - 0x0000000074dc1000 	C:\Program Files\Java\jdk1.8.0_65\jre\bin\nio.dll
0x000007fef6b80000 - 0x000007fef6b9e000 	C:\Users\SONY\.gradle\native\25\windows-amd64\native-platform.dll
0x0000000074da0000 - 0x0000000074dad000 	C:\Program Files\Java\jdk1.8.0_65\jre\bin\management.dll
0x000007fefd280000 - 0x000007fefd297000 	C:\Windows\system32\CRYPTSP.dll
0x000007fefcf40000 - 0x000007fefcf87000 	C:\Windows\system32\rsaenh.dll
0x000007fefcd00000 - 0x000007fefcd1e000 	C:\Windows\system32\USERENV.dll
0x000007fefd8e0000 - 0x000007fefd8ef000 	C:\Windows\system32\CRYPTBASE.dll
0x000007fefb550000 - 0x000007fefb577000 	C:\Windows\system32\IPHLPAPI.DLL
0x000007fefb6c0000 - 0x000007fefb6cb000 	C:\Windows\system32\WINNSI.DLL
0x000007fefb7c0000 - 0x000007fefb7d8000 	C:\Windows\system32\dhcpcsvc.DLL
0x000007fefb190000 - 0x000007fefb1a1000 	C:\Windows\system32\dhcpcsvc6.DLL
0x0000000074c70000 - 0x0000000074c94000 	C:\Program Files\Java\jdk1.8.0_65\jre\bin\sunec.dll
0x000007fefcbf0000 - 0x000007fefcbf7000 	C:\Windows\System32\wshtcpip.dll
0x000007fefd0a0000 - 0x000007fefd0fb000 	C:\Windows\system32\DNSAPI.dll
0x000007fef9d70000 - 0x000007fef9d78000 	C:\Windows\system32\rasadhlp.dll
0x000007fefd880000 - 0x000007fefd8d7000 	C:\Windows\system32\apphelp.dll
0x000007fefb210000 - 0x000007fefb263000 	C:\Windows\System32\fwpuclnt.dll
0x000007fefbb60000 - 0x000007fefbb75000 	C:\Windows\system32\NLAapi.dll
0x000007fef4c40000 - 0x000007fef4c4b000 	C:\Windows\System32\winrnr.dll
0x000007fef4be0000 - 0x000007fef4bf5000 	C:\Windows\system32\napinsp.dll
0x000007fef4bc0000 - 0x000007fef4bd9000 	C:\Windows\system32\pnrpnsp.dll
0x000007fef4bb0000 - 0x000007fef4bc0000 	C:\Windows\system32\wshbth.dll
0x000000006ecb0000 - 0x000000006ee48000 	C:\Program Files\Java\jdk1.8.0_65\jre\bin\awt.dll
0x000007feff880000 - 0x000007feff957000 	C:\Windows\system32\OLEAUT32.dll
0x000007fefbd70000 - 0x000007fefbd88000 	C:\Windows\system32\DWMAPI.DLL
0x0000000074c10000 - 0x0000000074c3a000 	C:\Program Files\Java\jdk1.8.0_65\jre\bin\dcpr.dll
0x000007fef71e0000 - 0x000007fef7305000 	C:\Windows\system32\dbghelp.dll

VM Arguments:
jvm_args: -Xmx1536m -Dfile.encoding=windows-1252 -Duser.country=US -Duser.language=en -Duser.variant 
java_command: org.gradle.launcher.daemon.bootstrap.GradleDaemon 4.1
java_class_path (initial): C:\Users\SONY\.gradle\wrapper\dists\gradle-4.1-all\bzyivzo6n839fup2jbap0tjew\gradle-4.1\lib\gradle-launcher-4.1.jar
Launcher Type: SUN_STANDARD

Environment Variables:
JAVA_HOME=C:\Program Files\Java\jdk1.8.0_65
PATH=C:\Program Files\nodejs;C:\Program Files (x86)\Yarn\bin;C:\Program Files\Git\cmd;C:\Users\SONY\AppData\Roaming\npm;C:\Users\SONY\AppData\Local\Android\sdk\platform-tools;C:\Program Files\Microsoft VS Code\bin
USERNAME=SONY
OS=Windows_NT
PROCESSOR_IDENTIFIER=Intel64 Family 6 Model 42 Stepping 7, GenuineIntel



---------------  S Y S T E M  ---------------

OS: Windows 7 , 64 bit Build 7600 (6.1.7600.16385)

CPU:total 4 (2 cores per cpu, 2 threads per core) family 6 model 42 stepping 7, cmov, cx8, fxsr, mmx, sse, sse2, sse3, ssse3, sse4.1, sse4.2, popcnt, clmul, ht, tsc, tscinvbit

Memory: 4k page, physical 6189424k(827680k free), swap 12376948k(6989172k free)

vm_info: Java HotSpot(TM) 64-Bit Server VM (25.65-b01) for windows-amd64 JRE (1.8.0_65-b17), built on Oct  6 2015 16:39:20 by "java_re" with MS VC++ 10.0 (VS2010)

time: Mon Mar 12 22:52:19 2018
elapsed time: 2751 seconds (0d 0h 45m 51s)

